{"name": "test_right_way", "status": "broken", "statusDetails": {"message": "selenium.common.exceptions.TimeoutException: Message:", "trace": "test_shop.py:74: in test_right_way\n    WebDriverWait(browser, timeout=10, poll_frequency=2).until(EC.text_to_be_present_in_element(\n        browser    = <selenium.webdriver.chrome.webdriver.WebDriver (session=\"bfaa7d7122c61aa62135512cc4122347\")>\n..\\..\\AppData\\Local\\Programs\\Python\\Python311\\Lib\\site-packages\\selenium\\webdriver\\support\\wait.py:95: in until\n    raise TimeoutException(message, screen, stacktrace)\nE   selenium.common.exceptions.TimeoutException: Message:\n        end_time   = 158230.875\n        message    = ''\n        method     = <function text_to_be_present_in_element.<locals>._predicate at 0x000001E293ECDE40>\n        screen     = None\n        self       = <selenium.webdriver.support.wait.WebDriverWait (session=\"bfaa7d7122c61aa62135512cc4122347\")>\n        stacktrace = None\n        value      = False"}, "description": "\n    Test case TC-4\n    ", "start": 1681985191378, "stop": 1681985203118, "uuid": "9da14b42-194d-4c36-bb10-d4e53f4fa8e5", "historyId": "c8eb5ad197845d65ef7347b5bd720584", "testCaseId": "a124e1ba6816a38413edbbce37a7c035", "fullName": "test_shop#test_right_way", "labels": [{"name": "suite", "value": "test_shop"}, {"name": "host", "value": "DESKTOP-T9OMENQ"}, {"name": "thread", "value": "17264-MainThread"}, {"name": "framework", "value": "pytest"}, {"name": "language", "value": "cpython3"}, {"name": "package", "value": "test_shop"}]}