{"name": "test_count_of_all_products", "status": "broken", "statusDetails": {"message": "selenium.common.exceptions.TimeoutException: Message:", "trace": "test_shop.py:60: in test_count_of_all_products\n    WebDriverWait(browser, timeout=10, poll_frequency=2).until(EC.text_to_be_present_in_element(\n        browser    = <selenium.webdriver.chrome.webdriver.WebDriver (session=\"bfaa7d7122c61aa62135512cc4122347\")>\n..\\..\\AppData\\Local\\Programs\\Python\\Python311\\Lib\\site-packages\\selenium\\webdriver\\support\\wait.py:95: in until\n    raise TimeoutException(message, screen, stacktrace)\nE   selenium.common.exceptions.TimeoutException: Message:\n        end_time   = 158219.14\n        message    = ''\n        method     = <function text_to_be_present_in_element.<locals>._predicate at 0x000001E293F2B880>\n        screen     = None\n        self       = <selenium.webdriver.support.wait.WebDriverWait (session=\"bfaa7d7122c61aa62135512cc4122347\")>\n        stacktrace = None\n        value      = False"}, "description": "\n    Test case TC-3\n    ", "start": 1681985179736, "stop": 1681985191342, "uuid": "7c2e5d50-14c8-4304-a776-22ac213435f8", "historyId": "d1c7b5773b2b572e97045f1a49f083b3", "testCaseId": "69f204ab80b10622b95018ad9db23761", "fullName": "test_shop#test_count_of_all_products", "labels": [{"name": "suite", "value": "test_shop"}, {"name": "host", "value": "DESKTOP-T9OMENQ"}, {"name": "thread", "value": "17264-MainThread"}, {"name": "framework", "value": "pytest"}, {"name": "language", "value": "cpython3"}, {"name": "package", "value": "test_shop"}]}