{"name": "test_products_group", "status": "skipped", "statusDetails": {"message": "XFAIL Wait for fix bug\n\nselenium.common.exceptions.NoSuchElementException: Message: no such element: Unable to locate element: {\"method\":\"css selector\",\"selector\":\"[class='tab-sale ']\"}\n  (Session info: chrome=112.0.5615.87)\nStacktrace:\nBacktrace:\n\tGetHandleVerifier [0x00CEDCE3+50899]\n\t(No symbol) [0x00C7E111]\n\t(No symbol) [0x00B85588]\n\t(No symbol) [0x00BB08F9]\n\t(No symbol) [0x00BB0AFB]\n\t(No symbol) [0x00BDF902]\n\t(No symbol) [0x00BCB944]\n\t(No symbol) [0x00BDE01C]\n\t(No symbol) [0x00BCB6F6]\n\t(No symbol) [0x00BA7708]\n\t(No symbol) [0x00BA886D]\n\tGetHandleVerifier [0x00F53EAE+2566302]\n\tGetHandleVerifier [0x00F892B1+2784417]\n\tGetHandleVerifier [0x00F8327C+2759788]\n\tGetHandleVerifier [0x00D85740+672048]\n\t(No symbol) [0x00C88872]\n\t(No symbol) [0x00C841C8]\n\t(No symbol) [0x00C842AB]\n\t(No symbol) [0x00C771B7]\n\tBaseThreadInitThunk [0x754F7D49+25]\n\tRtlInitializeExceptionChain [0x7713B74B+107]\n\tRtlClearBits [0x7713B6CF+191]", "trace": "test_shop.py:45: in test_products_group\n    element = browser.find_element(by=By.CSS_SELECTOR, value=item[2])\n        browser    = <selenium.webdriver.chrome.webdriver.WebDriver (session=\"bfaa7d7122c61aa62135512cc4122347\")>\n        element    = <selenium.webdriver.remote.webelement.WebElement (session=\"bfaa7d7122c61aa62135512cc4122347\", element=\"34fad5df-3258-45f0-8331-c179cd806e96\")>\n        elements   = [<selenium.webdriver.remote.webelement.WebElement (session=\"bfaa7d7122c61aa62135512cc4122347\", element=\"fa8fccfb-1b81-...te.webelement.WebElement (session=\"bfaa7d7122c61aa62135512cc4122347\", element=\"7075f7b4-cda3-454e-a926-f47b646d7810\")>]\n        expected_menu = [('Все', '', \"[class='tab-all active']\"), ('Бестселлеры', '/?products_group=best_sellers', \"[class='tab-best_sellers '... '/?products_group=new', \"[class='tab-new ']\"), ('Распродажа товаров', '/?products_group=sale', \"[class='tab-sale ']\")]\n        item       = ('Распродажа товаров', '/?products_group=sale', \"[class='tab-sale ']\")\n        menu_element = \"[class='catalog-toolbar-tabs__content'] a\"\n..\\..\\AppData\\Local\\Programs\\Python\\Python311\\Lib\\site-packages\\selenium\\webdriver\\remote\\webdriver.py:831: in find_element\n    return self.execute(Command.FIND_ELEMENT, {\"using\": by, \"value\": value})[\"value\"]\n        by         = 'css selector'\n        self       = <selenium.webdriver.chrome.webdriver.WebDriver (session=\"bfaa7d7122c61aa62135512cc4122347\")>\n        value      = \"[class='tab-sale ']\"\n..\\..\\AppData\\Local\\Programs\\Python\\Python311\\Lib\\site-packages\\selenium\\webdriver\\remote\\webdriver.py:440: in execute\n    self.error_handler.check_response(response)\n        driver_command = 'findElement'\n        params     = {'using': 'css selector', 'value': \"[class='tab-sale ']\"}\n        response   = {'status': 404, 'value': '{\"value\":{\"error\":\"no such element\",\"message\":\"no such element: Unable to locate element: {\\...dInitThunk [0x754F7D49+25]\\\\n\\\\tRtlInitializeExceptionChain [0x7713B74B+107]\\\\n\\\\tRtlClearBits [0x7713B6CF+191]\\\\n\"}}'}\n        self       = <selenium.webdriver.chrome.webdriver.WebDriver (session=\"bfaa7d7122c61aa62135512cc4122347\")>\n..\\..\\AppData\\Local\\Programs\\Python\\Python311\\Lib\\site-packages\\selenium\\webdriver\\remote\\errorhandler.py:245: in check_response\n    raise exception_class(message, screen, stacktrace)\nE   selenium.common.exceptions.NoSuchElementException: Message: no such element: Unable to locate element: {\"method\":\"css selector\",\"selector\":\"[class='tab-sale ']\"}\nE     (Session info: chrome=112.0.5615.87)\nE   Stacktrace:\nE   Backtrace:\nE   \tGetHandleVerifier [0x00CEDCE3+50899]\nE   \t(No symbol) [0x00C7E111]\nE   \t(No symbol) [0x00B85588]\nE   \t(No symbol) [0x00BB08F9]\nE   \t(No symbol) [0x00BB0AFB]\nE   \t(No symbol) [0x00BDF902]\nE   \t(No symbol) [0x00BCB944]\nE   \t(No symbol) [0x00BDE01C]\nE   \t(No symbol) [0x00BCB6F6]\nE   \t(No symbol) [0x00BA7708]\nE   \t(No symbol) [0x00BA886D]\nE   \tGetHandleVerifier [0x00F53EAE+2566302]\nE   \tGetHandleVerifier [0x00F892B1+2784417]\nE   \tGetHandleVerifier [0x00F8327C+2759788]\nE   \tGetHandleVerifier [0x00D85740+672048]\nE   \t(No symbol) [0x00C88872]\nE   \t(No symbol) [0x00C841C8]\nE   \t(No symbol) [0x00C842AB]\nE   \t(No symbol) [0x00C771B7]\nE   \tBaseThreadInitThunk [0x754F7D49+25]\nE   \tRtlInitializeExceptionChain [0x7713B74B+107]\nE   \tRtlClearBits [0x7713B6CF+191]\n        exception_class = <class 'selenium.common.exceptions.NoSuchElementException'>\n        json       = <module 'json' from 'C:\\\\Users\\\\roman\\\\AppData\\\\Local\\\\Programs\\\\Python\\\\Python311\\\\Lib\\\\json\\\\__init__.py'>\n        message    = 'no such element: Unable to locate element: {\"method\":\"css selector\",\"selector\":\"[class=\\'tab-sale \\']\"}\\n  (Session info: chrome=112.0.5615.87)'\n        response   = {'status': 404, 'value': '{\"value\":{\"error\":\"no such element\",\"message\":\"no such element: Unable to locate element: {\\...dInitThunk [0x754F7D49+25]\\\\n\\\\tRtlInitializeExceptionChain [0x7713B74B+107]\\\\n\\\\tRtlClearBits [0x7713B6CF+191]\\\\n\"}}'}\n        screen     = None\n        self       = <selenium.webdriver.remote.errorhandler.ErrorHandler object at 0x000001E293EC9310>\n        st_value   = 'Backtrace:\\n\\tGetHandleVerifier [0x00CEDCE3+50899]\\n\\t(No symbol) [0x00C7E111]\\n\\t(No symbol) [0x00B85588]\\n\\t(No sym...BaseThreadInitThunk [0x754F7D49+25]\\n\\tRtlInitializeExceptionChain [0x7713B74B+107]\\n\\tRtlClearBits [0x7713B6CF+191]\\n'\n        stacktrace = ['Backtrace:', '\\tGetHandleVerifier [0x00CEDCE3+50899]', '\\t(No symbol) [0x00C7E111]', '\\t(No symbol) [0x00B85588]', '\\t(No symbol) [0x00BB08F9]', '\\t(No symbol) [0x00BB0AFB]', ...]\n        status     = 'no such element'\n        value      = {'error': 'no such element', 'message': 'no such element: Unable to locate element: {\"method\":\"css selector\",\"selector...aseThreadInitThunk [0x754F7D49+25]\\n\\tRtlInitializeExceptionChain [0x7713B74B+107]\\n\\tRtlClearBits [0x7713B6CF+191]\\n'}\n        value_json = '{\"value\":{\"error\":\"no such element\",\"message\":\"no such element: Unable to locate element: {\\\\\"method\\\\\":\\\\\"css select...adInitThunk [0x754F7D49+25]\\\\n\\\\tRtlInitializeExceptionChain [0x7713B74B+107]\\\\n\\\\tRtlClearBits [0x7713B6CF+191]\\\\n\"}}'"}, "description": "\n    Test case TC-2\n    ", "start": 1681985173170, "stop": 1681985179531, "uuid": "49455ce4-2b03-4989-9ebc-e5962b72c918", "historyId": "8eb1597fbc3a721fe9415865d2ff840c", "testCaseId": "661b4d561aa9283d092c863c736f17f8", "fullName": "test_shop#test_products_group", "labels": [{"name": "tag", "value": "@pytest.mark.xfail(reason='Wait for fix bug')"}, {"name": "suite", "value": "test_shop"}, {"name": "host", "value": "DESKTOP-T9OMENQ"}, {"name": "thread", "value": "17264-MainThread"}, {"name": "framework", "value": "pytest"}, {"name": "language", "value": "cpython3"}, {"name": "package", "value": "test_shop"}]}